<?xml version="1.0" encoding="UTF-8"?>
<!-- Generated by org.testng.reporters.JUnitReportReporter -->
<testsuite skipped="0" hostname="DESKTOP-A8KQASN" name="demo.TestNGParameterDemo" tests="1" failures="0" timestamp="23 Aug 2022 17:17:51 GMT" time="0.012" errors="0">
  <testcase name="test" time="0.012" classname="demo.TestNGParameterDemo"/>
</testsuite> <!-- demo.TestNGParameterDemo -->
