<?xml version="1.0" encoding="UTF-8"?>
<!-- Generated by org.testng.reporters.JUnitReportReporter -->
<testsuite skipped="0" hostname="DESKTOP-A8KQASN" name="test.TestNG_Demo" tests="1" failures="0" timestamp="17 Aug 2022 17:37:04 GMT" time="13.795" errors="0">
  <testcase name="googleSearch" time="13.795" classname="test.TestNG_Demo"/>
</testsuite> <!-- test.TestNG_Demo -->
