<?xml version="1.0" encoding="UTF-8"?>
<!-- Generated by org.testng.reporters.JUnitReportReporter -->
<testsuite skipped="0" hostname="DESKTOP-A8KQASN" name="test.ExtentReportsDemoWithTestNG" tests="1" failures="0" timestamp="17 Aug 2022 13:51:12 GMT" time="3.350" errors="0">
  <testcase name="test1" time="3.350" classname="test.ExtentReportsDemoWithTestNG"/>
</testsuite> <!-- test.ExtentReportsDemoWithTestNG -->
