<?xml version="1.0" encoding="UTF-8"?>
<!-- Generated by org.testng.reporters.JUnitReportReporter -->
<testsuite skipped="0" hostname="DESKTOP-A8KQASN" name="demo.TestNGPriorityDemo" tests="4" failures="0" timestamp="22 Aug 2022 17:16:08 GMT" time="0.030" errors="0">
  <testcase name="four" time="0.019" classname="demo.TestNGPriorityDemo"/>
  <testcase name="one" time="0.003" classname="demo.TestNGPriorityDemo"/>
  <testcase name="two" time="0.005" classname="demo.TestNGPriorityDemo"/>
  <testcase name="three" time="0.003" classname="demo.TestNGPriorityDemo"/>
</testsuite> <!-- demo.TestNGPriorityDemo -->
