<?xml version="1.0" encoding="UTF-8"?>
<!-- Generated by org.testng.reporters.JUnitReportReporter -->
<testsuite skipped="0" hostname="DESKTOP-A8KQASN" name="demo.TestNGDependencyDemo" tests="3" failures="0" timestamp="23 Aug 2022 17:37:09 GMT" time="0.017" errors="0">
  <testcase name="test3" time="0.012" classname="demo.TestNGDependencyDemo"/>
  <testcase name="test1" time="0.002" classname="demo.TestNGDependencyDemo"/>
  <testcase name="test2" time="0.003" classname="demo.TestNGDependencyDemo"/>
</testsuite> <!-- demo.TestNGDependencyDemo -->
