<?xml version="1.0" encoding="UTF-8"?>
<!-- Generated by org.testng.reporters.JUnitReportReporter -->
<testsuite skipped="0" hostname="DESKTOP-A8KQASN" name="demo.TestNGIgnoreDemo" tests="2" failures="0" timestamp="23 Aug 2022 17:47:04 GMT" time="0.015" errors="0">
  <testcase name="test2" time="0.002" classname="demo.TestNGIgnoreDemo"/>
  <testcase name="test1" time="0.013" classname="demo.TestNGIgnoreDemo"/>
</testsuite> <!-- demo.TestNGIgnoreDemo -->
