<?xml version="1.0" encoding="UTF-8"?>
<!-- Generated by org.testng.reporters.JUnitReportReporter -->
<testsuite skipped="0" hostname="DESKTOP-A8KQASN" name="test.TestNG_Demo2" tests="1" failures="0" timestamp="17 Aug 2022 17:37:04 GMT" time="14.832" errors="0">
  <testcase name="googleSearch2" time="14.832" classname="test.TestNG_Demo2"/>
</testsuite> <!-- test.TestNG_Demo2 -->
